Arguments: 
  E:\node\node.exe C:\Users\dongw\AppData\Roaming\npm\node_modules\yarn\bin\yarn.js add babel-plugin-import --save

PATH: 
  C:\Program Files (x86)\Common Files\Oracle\Java\javapath;E:\xftp\;E:\jdk\8\bin;C:\Windows\system32;C:\Windows;C:\Windows\System32\Wbem;C:\Windows\System32\WindowsPowerShell\v1.0\;C:\Program Files\Intel\WiFi\bin\;C:\Program Files\Common Files\Intel\WirelessCommon\;E:\git\Git\cmd;C:\Program Files\MySQL\MySQL Server 5.5\bin;E:\gradle-2.6\bin;C:\Windows\System32\OpenSSH\;E:\maven3.6.3\bin\;E:\node\;E:\mysql-5.5.61\bin;C:\Users\dongw\AppData\Local\Microsoft\WindowsApps;;E:\vscode\Microsoft VS Code\bin;C:\Users\dongw\AppData\Roaming\npm

Yarn version: 
  1.22.4

Node version: 
  10.16.3

Platform: 
  win32 x64

Trace: 
  Error: ENOENT: no such file or directory, copyfile 'C:\Users\dongw\AppData\Local\Yarn\Cache\v6\npm-make-dir-2.1.0-5f0310e18b8be898cc07009295a30ae41e91e6f5-integrity\node_modules\make-dir\index.js' -> 'E:\react-workspace\my-dva\node_modules\af-webpack\node_modules\make-dir\index.js'

npm manifest: 
  {
    "private": true,
    "scripts": {
      "start": "roadhog server",
      "build": "roadhog build",
      "lint": "eslint --ext .js src test",
      "precommit": "npm run lint"
    },
    "dependencies": {
      "dva": "^2.4.1",
      "react": "^16.2.0",
      "react-dom": "^16.2.0"
    },
    "devDependencies": {
      "babel-plugin-dva-hmr": "^0.3.2",
      "eslint": "^4.14.0",
      "eslint-config-umi": "^0.1.1",
      "eslint-plugin-flowtype": "^2.34.1",
      "eslint-plugin-import": "^2.6.0",
      "eslint-plugin-jsx-a11y": "^5.1.1",
      "eslint-plugin-react": "^7.1.0",
      "husky": "^0.12.0",
      "redbox-react": "^1.4.3",
      "roadhog": "^2.5.0-beta.4"
    }
  }

yarn manifest: 
  No manifest

Lockfile: 
  No lockfile
